# JRE version: Java(TM) SE Runtime Environment (13.0.2+8) (build 13.0.2+8)
# Java VM: Java HotSpot(TM) 64-Bit Server VM (13.0.2+8, mixed mode, sharing, tiered, compressed oops, g1 gc, linux-amd64)
Heap:
 garbage-first heap   total 1370112K, used 55733K [0x0000000705e00000, 0x0000000800000000)
  region size 1024K, 6 young (6144K), 6 survivors (6144K)
 Metaspace       used 88279K, capacity 90899K, committed 90960K, reserved 1128448K
  class space    used 11533K, capacity 12534K, committed 12544K, reserved 1048576K
GC Heap History (20 events):
Event: 3.165 GC heap before
{Heap before GC invocations=17 (full 0):
 garbage-first heap   total 124928K, used 86236K [0x0000000705e00000, 0x0000000800000000)
  region size 1024K, 60 young (61440K), 5 survivors (5120K)
 Metaspace       used 48702K, capacity 50093K, committed 50608K, reserved 1093632K
  class space    used 6247K, capacity 6778K, committed 6912K, reserved 1048576K
}
Event: 3.169 GC heap after
{Heap after GC invocations=18 (full 0):
 garbage-first heap   total 124928K, used 32513K [0x0000000705e00000, 0x0000000800000000)
  region size 1024K, 6 young (6144K), 6 survivors (6144K)
 Metaspace       used 48702K, capacity 50093K, committed 50608K, reserved 1093632K
  class space    used 6247K, capacity 6778K, committed 6912K, reserved 1048576K
}
Event: 3.298 GC heap before
{Heap before GC invocations=18 (full 0):
 garbage-first heap   total 124928K, used 89857K [0x0000000705e00000, 0x0000000800000000)
  region size 1024K, 62 young (63488K), 6 survivors (6144K)
 Metaspace       used 51502K, capacity 52886K, committed 53296K, reserved 1095680K
  class space    used 6698K, capacity 7213K, committed 7296K, reserved 1048576K
}
Event: 3.301 GC heap after
{Heap after GC invocations=19 (full 0):
 garbage-first heap   total 157696K, used 35080K [0x0000000705e00000, 0x0000000800000000)
  region size 1024K, 6 young (6144K), 6 survivors (6144K)
 Metaspace       used 51502K, capacity 52886K, committed 53296K, reserved 1095680K
  class space    used 6698K, capacity 7213K, committed 7296K, reserved 1048576K
}
Event: 3.740 GC heap before
{Heap before GC invocations=19 (full 0):
 garbage-first heap   total 157696K, used 106760K [0x0000000705e00000, 0x0000000800000000)
  region size 1024K, 76 young (77824K), 6 survivors (6144K)
 Metaspace       used 55464K, capacity 57024K, committed 57392K, reserved 1099776K
  class space    used 7382K, capacity 7998K, committed 8064K, reserved 1048576K
}
Event: 3.742 GC heap after
{Heap after GC invocations=20 (full 0):
 garbage-first heap   total 157696K, used 38114K [0x0000000705e00000, 0x0000000800000000)
  region size 1024K, 9 young (9216K), 9 survivors (9216K)
 Metaspace       used 55464K, capacity 57024K, committed 57392K, reserved 1099776K
  class space    used 7382K, capacity 7998K, committed 8064K, reserved 1048576K
}
Event: 3.873 GC heap before
{Heap before GC invocations=20 (full 0):
 garbage-first heap   total 157696K, used 100578K [0x0000000705e00000, 0x0000000800000000)
  region size 1024K, 71 young (72704K), 9 survivors (9216K)
 Metaspace       used 58451K, capacity 60019K, committed 60240K, reserved 1101824K
  class space    used 7766K, capacity 8380K, committed 8448K, reserved 1048576K
}
Event: 3.878 GC heap after
{Heap after GC invocations=21 (full 0):
 garbage-first heap   total 157696K, used 39464K [0x0000000705e00000, 0x0000000800000000)
  region size 1024K, 5 young (5120K), 5 survivors (5120K)
 Metaspace       used 58451K, capacity 60019K, committed 60240K, reserved 1101824K
  class space    used 7766K, capacity 8380K, committed 8448K, reserved 1048576K
}
Event: 4.485 GC heap before
{Heap before GC invocations=22 (full 0):
 garbage-first heap   total 153600K, used 115240K [0x0000000705e00000, 0x0000000800000000)
  region size 1024K, 79 young (80896K), 5 survivors (5120K)
 Metaspace       used 63866K, capacity 65651K, committed 65872K, reserved 1105920K
  class space    used 8509K, capacity 9204K, committed 9216K, reserved 1048576K
}
Event: 4.489 GC heap after
{Heap after GC invocations=23 (full 0):
 garbage-first heap   total 153600K, used 43038K [0x0000000705e00000, 0x0000000800000000)
  region size 1024K, 8 young (8192K), 8 survivors (8192K)
 Metaspace       used 63866K, capacity 65651K, committed 65872K, reserved 1105920K
  class space    used 8509K, capacity 9204K, committed 9216K, reserved 1048576K
}
Event: 4.924 GC heap before
{Heap before GC invocations=23 (full 0):
 garbage-first heap   total 153600K, used 115742K [0x0000000705e00000, 0x0000000800000000)
  region size 1024K, 79 young (80896K), 8 survivors (8192K)
 Metaspace       used 68799K, capacity 70616K, committed 70736K, reserved 1110016K
  class space    used 9147K, capacity 9882K, committed 9984K, reserved 1048576K
}
Event: 4.929 GC heap after
{Heap after GC invocations=24 (full 0):
 garbage-first heap   total 184320K, used 45692K [0x0000000705e00000, 0x0000000800000000)
  region size 1024K, 8 young (8192K), 8 survivors (8192K)
 Metaspace       used 68799K, capacity 70616K, committed 70736K, reserved 1110016K
  class space    used 9147K, capacity 9882K, committed 9984K, reserved 1048576K
}
Event: 5.354 GC heap before
{Heap before GC invocations=24 (full 0):
 garbage-first heap   total 184320K, used 132732K [0x0000000705e00000, 0x0000000800000000)
  region size 1024K, 93 young (95232K), 8 survivors (8192K)
 Metaspace       used 71801K, capacity 73965K, committed 74064K, reserved 1114112K
  class space    used 9575K, capacity 10434K, committed 10496K, reserved 1048576K
}
Event: 5.359 GC heap after
{Heap after GC invocations=25 (full 0):
 garbage-first heap   total 184320K, used 50807K [0x0000000705e00000, 0x0000000800000000)
  region size 1024K, 8 young (8192K), 8 survivors (8192K)
 Metaspace       used 71801K, capacity 73965K, committed 74064K, reserved 1114112K
  class space    used 9575K, capacity 10434K, committed 10496K, reserved 1048576K
}
Event: 5.726 GC heap before
{Heap before GC invocations=25 (full 0):
 garbage-first heap   total 184320K, used 136823K [0x0000000705e00000, 0x0000000800000000)
  region size 1024K, 92 young (94208K), 8 survivors (8192K)
 Metaspace       used 77354K, capacity 79509K, committed 79696K, reserved 1118208K
  class space    used 10322K, capacity 11167K, committed 11264K, reserved 1048576K
}
Event: 5.730 GC heap after
{Heap after GC invocations=26 (full 0):
 garbage-first heap   total 184320K, used 53125K [0x0000000705e00000, 0x0000000800000000)
  region size 1024K, 8 young (8192K), 8 survivors (8192K)
 Metaspace       used 77354K, capacity 79509K, committed 79696K, reserved 1118208K
  class space    used 10322K, capacity 11167K, committed 11264K, reserved 1048576K
}
Event: 132.946 GC heap before
{Heap before GC invocations=26 (full 0):
 garbage-first heap   total 184320K, used 139141K [0x0000000705e00000, 0x0000000800000000)
  region size 1024K, 93 young (95232K), 8 survivors (8192K)
 Metaspace       used 86928K, capacity 89388K, committed 89552K, reserved 1126400K
  class space    used 11350K, capacity 12308K, committed 12416K, reserved 1048576K
}
Event: 132.953 GC heap after
{Heap after GC invocations=27 (full 0):
 garbage-first heap   total 184320K, used 55190K [0x0000000705e00000, 0x0000000800000000)
  region size 1024K, 6 young (6144K), 6 survivors (6144K)
 Metaspace       used 86928K, capacity 89388K, committed 89552K, reserved 1126400K
  class space    used 11350K, capacity 12308K, committed 12416K, reserved 1048576K
}
Event: 242.365 GC heap before
{Heap before GC invocations=27 (full 0):
 garbage-first heap   total 184320K, used 76694K [0x0000000705e00000, 0x0000000800000000)
  region size 1024K, 28 young (28672K), 6 survivors (6144K)
 Metaspace       used 88279K, capacity 90899K, committed 90960K, reserved 1128448K
  class space    used 11533K, capacity 12534K, committed 12544K, reserved 1048576K
}
Event: 242.470 GC heap after
{Heap after GC invocations=28 (full 0):
 garbage-first heap   total 184320K, used 55733K [0x0000000705e00000, 0x0000000800000000)
  region size 1024K, 6 young (6144K), 6 survivors (6144K)
 Metaspace       used 88279K, capacity 90899K, committed 90960K, reserved 1128448K
  class space    used 11533K, capacity 12534K, committed 12544K, reserved 1048576K
}

