# JRE version: Java(TM) SE Runtime Environment (13.0.2+8) (build 13.0.2+8)
# Java VM: Java HotSpot(TM) 64-Bit Server VM (13.0.2+8, mixed mode, sharing, tiered, compressed oops, g1 gc, linux-amd64)
Heap:
 garbage-first heap   total 1375232K, used 55867K [0x0000000705e00000, 0x0000000800000000)
  region size 1024K, 6 young (6144K), 6 survivors (6144K)
 Metaspace       used 86807K, capacity 89277K, committed 89628K, reserved 1126400K
  class space    used 11332K, capacity 12292K, committed 12416K, reserved 1048576K
GC Heap History (20 events):
Event: 5.497 GC heap before
{Heap before GC invocations=19 (full 0):
 garbage-first heap   total 132096K, used 91637K [0x0000000705e00000, 0x0000000800000000)
  region size 1024K, 62 young (63488K), 5 survivors (5120K)
 Metaspace       used 52830K, capacity 54305K, committed 54556K, reserved 1095680K
  class space    used 6940K, capacity 7487K, committed 7552K, reserved 1048576K
}
Event: 5.499 GC heap after
{Heap after GC invocations=20 (full 0):
 garbage-first heap   total 132096K, used 37817K [0x0000000705e00000, 0x0000000800000000)
  region size 1024K, 8 young (8192K), 8 survivors (8192K)
 Metaspace       used 52830K, capacity 54305K, committed 54556K, reserved 1095680K
  class space    used 6940K, capacity 7487K, committed 7552K, reserved 1048576K
}
Event: 5.632 GC heap before
{Heap before GC invocations=20 (full 0):
 garbage-first heap   total 132096K, used 96185K [0x0000000705e00000, 0x0000000800000000)
  region size 1024K, 65 young (66560K), 8 survivors (8192K)
 Metaspace       used 55541K, capacity 57008K, committed 57372K, reserved 1099776K
  class space    used 7404K, capacity 7963K, committed 8064K, reserved 1048576K
}
Event: 5.636 GC heap after
{Heap after GC invocations=21 (full 0):
 garbage-first heap   total 132096K, used 39313K [0x0000000705e00000, 0x0000000800000000)
  region size 1024K, 6 young (6144K), 6 survivors (6144K)
 Metaspace       used 55541K, capacity 57008K, committed 57372K, reserved 1099776K
  class space    used 7404K, capacity 7963K, committed 8064K, reserved 1048576K
}
Event: 5.772 GC heap before
{Heap before GC invocations=21 (full 0):
 garbage-first heap   total 132096K, used 96657K [0x0000000705e00000, 0x0000000800000000)
  region size 1024K, 63 young (64512K), 6 survivors (6144K)
 Metaspace       used 58355K, capacity 59816K, committed 60188K, reserved 1101824K
  class space    used 7744K, capacity 8304K, committed 8320K, reserved 1048576K
}
Event: 5.775 GC heap after
{Heap after GC invocations=22 (full 0):
 garbage-first heap   total 132096K, used 40746K [0x0000000705e00000, 0x0000000800000000)
  region size 1024K, 4 young (4096K), 4 survivors (4096K)
 Metaspace       used 58355K, capacity 59816K, committed 60188K, reserved 1101824K
  class space    used 7744K, capacity 8304K, committed 8320K, reserved 1048576K
}
Event: 5.789 GC heap before
{Heap before GC invocations=22 (full 0):
 garbage-first heap   total 132096K, used 46890K [0x0000000705e00000, 0x0000000800000000)
  region size 1024K, 11 young (11264K), 4 survivors (4096K)
 Metaspace       used 58636K, capacity 60111K, committed 60316K, reserved 1101824K
  class space    used 7793K, capacity 8382K, committed 8448K, reserved 1048576K
}
Event: 5.791 GC heap after
{Heap after GC invocations=23 (full 0):
 garbage-first heap   total 158720K, used 40826K [0x0000000705e00000, 0x0000000800000000)
  region size 1024K, 4 young (4096K), 4 survivors (4096K)
 Metaspace       used 58636K, capacity 60111K, committed 60316K, reserved 1101824K
  class space    used 7793K, capacity 8382K, committed 8448K, reserved 1048576K
}
Event: 6.297 GC heap before
{Heap before GC invocations=24 (full 0):
 garbage-first heap   total 157696K, used 115578K [0x0000000705e00000, 0x0000000800000000)
  region size 1024K, 77 young (78848K), 4 survivors (4096K)
 Metaspace       used 64509K, capacity 66283K, committed 66332K, reserved 1105920K
  class space    used 8600K, capacity 9324K, committed 9344K, reserved 1048576K
}
Event: 6.300 GC heap after
{Heap after GC invocations=25 (full 0):
 garbage-first heap   total 157696K, used 44099K [0x0000000705e00000, 0x0000000800000000)
  region size 1024K, 7 young (7168K), 7 survivors (7168K)
 Metaspace       used 64509K, capacity 66283K, committed 66332K, reserved 1105920K
  class space    used 8600K, capacity 9324K, committed 9344K, reserved 1048576K
}
Event: 6.702 GC heap before
{Heap before GC invocations=25 (full 0):
 garbage-first heap   total 157696K, used 117827K [0x0000000705e00000, 0x0000000800000000)
  region size 1024K, 79 young (80896K), 7 survivors (7168K)
 Metaspace       used 69079K, capacity 70968K, committed 71068K, reserved 1110016K
  class space    used 9178K, capacity 9946K, committed 9984K, reserved 1048576K
}
Event: 6.706 GC heap after
{Heap after GC invocations=26 (full 0):
 garbage-first heap   total 157696K, used 46957K [0x0000000705e00000, 0x0000000800000000)
  region size 1024K, 8 young (8192K), 8 survivors (8192K)
 Metaspace       used 69079K, capacity 70968K, committed 71068K, reserved 1110016K
  class space    used 9178K, capacity 9946K, committed 9984K, reserved 1048576K
}
Event: 7.082 GC heap before
{Heap before GC invocations=26 (full 0):
 garbage-first heap   total 157696K, used 120685K [0x0000000705e00000, 0x0000000800000000)
  region size 1024K, 80 young (81920K), 8 survivors (8192K)
 Metaspace       used 71592K, capacity 73666K, committed 73884K, reserved 1112064K
  class space    used 9544K, capacity 10369K, committed 10496K, reserved 1048576K
}
Event: 7.088 GC heap after
{Heap after GC invocations=27 (full 0):
 garbage-first heap   total 157696K, used 51001K [0x0000000705e00000, 0x0000000800000000)
  region size 1024K, 7 young (7168K), 7 survivors (7168K)
 Metaspace       used 71592K, capacity 73666K, committed 73884K, reserved 1112064K
  class space    used 9544K, capacity 10369K, committed 10496K, reserved 1048576K
}
Event: 7.492 GC heap before
{Heap before GC invocations=27 (full 0):
 garbage-first heap   total 157696K, used 122681K [0x0000000705e00000, 0x0000000800000000)
  region size 1024K, 77 young (78848K), 7 survivors (7168K)
 Metaspace       used 75850K, capacity 77943K, committed 78236K, reserved 1116160K
  class space    used 10146K, capacity 10980K, committed 11008K, reserved 1048576K
}
Event: 7.496 GC heap after
{Heap after GC invocations=28 (full 0):
 garbage-first heap   total 189440K, used 53034K [0x0000000705e00000, 0x0000000800000000)
  region size 1024K, 7 young (7168K), 7 survivors (7168K)
 Metaspace       used 75850K, capacity 77943K, committed 78236K, reserved 1116160K
  class space    used 10146K, capacity 10980K, committed 11008K, reserved 1048576K
}
Event: 15.954 GC heap before
{Heap before GC invocations=28 (full 0):
 garbage-first heap   total 189440K, used 138026K [0x0000000705e00000, 0x0000000800000000)
  region size 1024K, 91 young (93184K), 7 survivors (7168K)
 Metaspace       used 86407K, capacity 88847K, committed 88988K, reserved 1126400K
  class space    used 11283K, capacity 12233K, committed 12288K, reserved 1048576K
}
Event: 15.960 GC heap after
{Heap after GC invocations=29 (full 0):
 garbage-first heap   total 189440K, used 55509K [0x0000000705e00000, 0x0000000800000000)
  region size 1024K, 9 young (9216K), 9 survivors (9216K)
 Metaspace       used 86407K, capacity 88847K, committed 88988K, reserved 1126400K
  class space    used 11283K, capacity 12233K, committed 12288K, reserved 1048576K
}
Event: 15.985 GC heap before
{Heap before GC invocations=29 (full 0):
 garbage-first heap   total 189440K, used 58581K [0x0000000705e00000, 0x0000000800000000)
  region size 1024K, 13 young (13312K), 9 survivors (9216K)
 Metaspace       used 86807K, capacity 89277K, committed 89628K, reserved 1126400K
  class space    used 11332K, capacity 12292K, committed 12416K, reserved 1048576K
}
Event: 15.990 GC heap after
{Heap after GC invocations=30 (full 0):
 garbage-first heap   total 189440K, used 55867K [0x0000000705e00000, 0x0000000800000000)
  region size 1024K, 6 young (6144K), 6 survivors (6144K)
 Metaspace       used 86807K, capacity 89277K, committed 89628K, reserved 1126400K
  class space    used 11332K, capacity 12292K, committed 12416K, reserved 1048576K
}

