# JRE version: Java(TM) SE Runtime Environment (13.0.2+8) (build 13.0.2+8)
# Java VM: Java HotSpot(TM) 64-Bit Server VM (13.0.2+8, mixed mode, sharing, tiered, compressed oops, g1 gc, linux-amd64)
Heap:
 garbage-first heap   total 1362944K, used 55906K [0x0000000705e00000, 0x0000000800000000)
  region size 1024K, 6 young (6144K), 6 survivors (6144K)
 Metaspace       used 87354K, capacity 89929K, committed 90236K, reserved 1126400K
  class space    used 11403K, capacity 12381K, committed 12492K, reserved 1048576K
GC Heap History (20 events):
Event: 5.670 GC heap before
{Heap before GC invocations=19 (full 0):
 garbage-first heap   total 122880K, used 92843K [0x0000000705e00000, 0x0000000800000000)
  region size 1024K, 63 young (64512K), 8 survivors (8192K)
 Metaspace       used 54854K, capacity 56417K, committed 56828K, reserved 1097728K
  class space    used 7294K, capacity 7904K, committed 8012K, reserved 1048576K
}
Event: 5.674 GC heap after
{Heap after GC invocations=20 (full 0):
 garbage-first heap   total 122880K, used 38222K [0x0000000705e00000, 0x0000000800000000)
  region size 1024K, 6 young (6144K), 6 survivors (6144K)
 Metaspace       used 54854K, capacity 56417K, committed 56828K, reserved 1097728K
  class space    used 7294K, capacity 7904K, committed 8012K, reserved 1048576K
}
Event: 5.784 GC heap before
{Heap before GC invocations=20 (full 0):
 garbage-first heap   total 122880K, used 94542K [0x0000000705e00000, 0x0000000800000000)
  region size 1024K, 61 young (62464K), 6 survivors (6144K)
 Metaspace       used 57668K, capacity 59263K, committed 59516K, reserved 1099776K
  class space    used 7670K, capacity 8277K, committed 8396K, reserved 1048576K
}
Event: 5.787 GC heap after
{Heap after GC invocations=21 (full 0):
 garbage-first heap   total 122880K, used 39578K [0x0000000705e00000, 0x0000000800000000)
  region size 1024K, 3 young (3072K), 3 survivors (3072K)
 Metaspace       used 57668K, capacity 59263K, committed 59516K, reserved 1099776K
  class space    used 7670K, capacity 8277K, committed 8396K, reserved 1048576K
}
Event: 5.820 GC heap before
{Heap before GC invocations=21 (full 0):
 garbage-first heap   total 122880K, used 59034K [0x0000000705e00000, 0x0000000800000000)
  region size 1024K, 23 young (23552K), 3 survivors (3072K)
 Metaspace       used 58517K, capacity 60078K, committed 60284K, reserved 1101824K
  class space    used 7772K, capacity 8378K, committed 8396K, reserved 1048576K
}
Event: 5.823 GC heap after
{Heap after GC invocations=22 (full 0):
 garbage-first heap   total 147456K, used 40317K [0x0000000705e00000, 0x0000000800000000)
  region size 1024K, 4 young (4096K), 4 survivors (4096K)
 Metaspace       used 58517K, capacity 60078K, committed 60284K, reserved 1101824K
  class space    used 7772K, capacity 8378K, committed 8396K, reserved 1048576K
}
Event: 6.036 GC heap before
{Heap before GC invocations=23 (full 0):
 garbage-first heap   total 147456K, used 93565K [0x0000000705e00000, 0x0000000800000000)
  region size 1024K, 57 young (58368K), 4 survivors (4096K)
 Metaspace       used 62305K, capacity 64017K, committed 64252K, reserved 1103872K
  class space    used 8324K, capacity 9022K, committed 9036K, reserved 1048576K
}
Event: 6.040 GC heap after
{Heap after GC invocations=24 (full 0):
 garbage-first heap   total 147456K, used 42901K [0x0000000705e00000, 0x0000000800000000)
  region size 1024K, 7 young (7168K), 7 survivors (7168K)
 Metaspace       used 62305K, capacity 64017K, committed 64252K, reserved 1103872K
  class space    used 8324K, capacity 9022K, committed 9036K, reserved 1048576K
}
Event: 6.331 GC heap before
{Heap before GC invocations=25 (full 0):
 garbage-first heap   total 147456K, used 98197K [0x0000000705e00000, 0x0000000800000000)
  region size 1024K, 61 young (62464K), 7 survivors (7168K)
 Metaspace       used 65948K, capacity 67712K, committed 67836K, reserved 1107968K
  class space    used 8795K, capacity 9511K, committed 9548K, reserved 1048576K
}
Event: 6.335 GC heap after
{Heap after GC invocations=26 (full 0):
 garbage-first heap   total 147456K, used 45146K [0x0000000705e00000, 0x0000000800000000)
  region size 1024K, 6 young (6144K), 6 survivors (6144K)
 Metaspace       used 65948K, capacity 67712K, committed 67836K, reserved 1107968K
  class space    used 8795K, capacity 9511K, committed 9548K, reserved 1048576K
}
Event: 6.606 GC heap before
{Heap before GC invocations=26 (full 0):
 garbage-first heap   total 147456K, used 102490K [0x0000000705e00000, 0x0000000800000000)
  region size 1024K, 62 young (63488K), 6 survivors (6144K)
 Metaspace       used 69593K, capacity 71494K, committed 71676K, reserved 1112064K
  class space    used 9254K, capacity 10022K, committed 10060K, reserved 1048576K
}
Event: 6.609 GC heap after
{Heap after GC invocations=27 (full 0):
 garbage-first heap   total 147456K, used 47270K [0x0000000705e00000, 0x0000000800000000)
  region size 1024K, 5 young (5120K), 5 survivors (5120K)
 Metaspace       used 69593K, capacity 71494K, committed 71676K, reserved 1112064K
  class space    used 9254K, capacity 10022K, committed 10060K, reserved 1048576K
}
Event: 6.907 GC heap before
{Heap before GC invocations=27 (full 0):
 garbage-first heap   total 147456K, used 105638K [0x0000000705e00000, 0x0000000800000000)
  region size 1024K, 62 young (63488K), 5 survivors (5120K)
 Metaspace       used 71652K, capacity 73719K, committed 73852K, reserved 1112064K
  class space    used 9560K, capacity 10398K, committed 10444K, reserved 1048576K
}
Event: 6.911 GC heap after
{Heap after GC invocations=28 (full 0):
 garbage-first heap   total 177152K, used 50816K [0x0000000705e00000, 0x0000000800000000)
  region size 1024K, 8 young (8192K), 8 survivors (8192K)
 Metaspace       used 71652K, capacity 73719K, committed 73852K, reserved 1112064K
  class space    used 9560K, capacity 10398K, committed 10444K, reserved 1048576K
}
Event: 7.208 GC heap before
{Heap before GC invocations=28 (full 0):
 garbage-first heap   total 177152K, used 123520K [0x0000000705e00000, 0x0000000800000000)
  region size 1024K, 79 young (80896K), 8 survivors (8192K)
 Metaspace       used 75720K, capacity 77849K, committed 78076K, reserved 1116160K
  class space    used 10131K, capacity 10978K, committed 11084K, reserved 1048576K
}
Event: 7.213 GC heap after
{Heap after GC invocations=29 (full 0):
 garbage-first heap   total 177152K, used 52388K [0x0000000705e00000, 0x0000000800000000)
  region size 1024K, 6 young (6144K), 6 survivors (6144K)
 Metaspace       used 75720K, capacity 77849K, committed 78076K, reserved 1116160K
  class space    used 10131K, capacity 10978K, committed 11084K, reserved 1048576K
}
Event: 85.044 GC heap before
{Heap before GC invocations=29 (full 0):
 garbage-first heap   total 177152K, used 126116K [0x0000000705e00000, 0x0000000800000000)
  region size 1024K, 79 young (80896K), 6 survivors (6144K)
 Metaspace       used 84612K, capacity 87022K, committed 87292K, reserved 1124352K
  class space    used 11069K, capacity 12001K, committed 12108K, reserved 1048576K
}
Event: 85.051 GC heap after
{Heap after GC invocations=30 (full 0):
 garbage-first heap   total 177152K, used 54756K [0x0000000705e00000, 0x0000000800000000)
  region size 1024K, 5 young (5120K), 5 survivors (5120K)
 Metaspace       used 84612K, capacity 87022K, committed 87292K, reserved 1124352K
  class space    used 11069K, capacity 12001K, committed 12108K, reserved 1048576K
}
Event: 85.252 GC heap before
{Heap before GC invocations=30 (full 0):
 garbage-first heap   total 177152K, used 84452K [0x0000000705e00000, 0x0000000800000000)
  region size 1024K, 36 young (36864K), 5 survivors (5120K)
 Metaspace       used 87354K, capacity 89929K, committed 90236K, reserved 1126400K
  class space    used 11403K, capacity 12381K, committed 12492K, reserved 1048576K
}
Event: 85.257 GC heap after
{Heap after GC invocations=31 (full 0):
 garbage-first heap   total 177152K, used 55906K [0x0000000705e00000, 0x0000000800000000)
  region size 1024K, 6 young (6144K), 6 survivors (6144K)
 Metaspace       used 87354K, capacity 89929K, committed 90236K, reserved 1126400K
  class space    used 11403K, capacity 12381K, committed 12492K, reserved 1048576K
}

