# JRE version: Java(TM) SE Runtime Environment (13.0.2+8) (build 13.0.2+8)
# Java VM: Java HotSpot(TM) 64-Bit Server VM (13.0.2+8, mixed mode, sharing, tiered, compressed oops, g1 gc, linux-amd64)
Heap:
 garbage-first heap   total 1396736K, used 55466K [0x0000000705e00000, 0x0000000800000000)
  region size 1024K, 6 young (6144K), 6 survivors (6144K)
 Metaspace       used 87291K, capacity 89814K, committed 90140K, reserved 1126400K
  class space    used 11388K, capacity 12369K, committed 12492K, reserved 1048576K
GC Heap History (20 events):
Event: 3.849 GC heap before
{Heap before GC invocations=18 (full 0):
 garbage-first heap   total 120832K, used 86272K [0x0000000705e00000, 0x0000000800000000)
  region size 1024K, 60 young (61440K), 6 survivors (6144K)
 Metaspace       used 51371K, capacity 52790K, committed 53148K, reserved 1095680K
  class space    used 6648K, capacity 7205K, committed 7244K, reserved 1048576K
}
Event: 3.853 GC heap after
{Heap after GC invocations=19 (full 0):
 garbage-first heap   total 145408K, used 34320K [0x0000000705e00000, 0x0000000800000000)
  region size 1024K, 7 young (7168K), 7 survivors (7168K)
 Metaspace       used 51371K, capacity 52790K, committed 53148K, reserved 1095680K
  class space    used 6648K, capacity 7205K, committed 7244K, reserved 1048576K
}
Event: 4.025 GC heap before
{Heap before GC invocations=19 (full 0):
 garbage-first heap   total 145408K, used 97808K [0x0000000705e00000, 0x0000000800000000)
  region size 1024K, 70 young (71680K), 7 survivors (7168K)
 Metaspace       used 54699K, capacity 56248K, committed 56348K, reserved 1097728K
  class space    used 7261K, capacity 7870K, committed 7884K, reserved 1048576K
}
Event: 4.029 GC heap after
{Heap after GC invocations=20 (full 0):
 garbage-first heap   total 145408K, used 37873K [0x0000000705e00000, 0x0000000800000000)
  region size 1024K, 6 young (6144K), 6 survivors (6144K)
 Metaspace       used 54699K, capacity 56248K, committed 56348K, reserved 1097728K
  class space    used 7261K, capacity 7870K, committed 7884K, reserved 1048576K
}
Event: 4.191 GC heap before
{Heap before GC invocations=20 (full 0):
 garbage-first heap   total 145408K, used 103409K [0x0000000705e00000, 0x0000000800000000)
  region size 1024K, 70 young (71680K), 6 survivors (6144K)
 Metaspace       used 57751K, capacity 59312K, committed 59676K, reserved 1101824K
  class space    used 7681K, capacity 8274K, committed 8396K, reserved 1048576K
}
Event: 4.193 GC heap after
{Heap after GC invocations=21 (full 0):
 garbage-first heap   total 145408K, used 39370K [0x0000000705e00000, 0x0000000800000000)
  region size 1024K, 5 young (5120K), 5 survivors (5120K)
 Metaspace       used 57751K, capacity 59312K, committed 59676K, reserved 1101824K
  class space    used 7681K, capacity 8274K, committed 8396K, reserved 1048576K
}
Event: 4.241 GC heap before
{Heap before GC invocations=21 (full 0):
 garbage-first heap   total 145408K, used 60874K [0x0000000705e00000, 0x0000000800000000)
  region size 1024K, 27 young (27648K), 5 survivors (5120K)
 Metaspace       used 58771K, capacity 60308K, committed 60572K, reserved 1101824K
  class space    used 7804K, capacity 8414K, committed 8524K, reserved 1048576K
}
Event: 4.244 GC heap after
{Heap after GC invocations=22 (full 0):
 garbage-first heap   total 145408K, used 39770K [0x0000000705e00000, 0x0000000800000000)
  region size 1024K, 6 young (6144K), 6 survivors (6144K)
 Metaspace       used 58771K, capacity 60308K, committed 60572K, reserved 1101824K
  class space    used 7804K, capacity 8414K, committed 8524K, reserved 1048576K
}
Event: 4.637 GC heap before
{Heap before GC invocations=23 (full 0):
 garbage-first heap   total 145408K, used 98138K [0x0000000705e00000, 0x0000000800000000)
  region size 1024K, 63 young (64512K), 6 survivors (6144K)
 Metaspace       used 63051K, capacity 64835K, committed 65052K, reserved 1105920K
  class space    used 8418K, capacity 9126K, committed 9164K, reserved 1048576K
}
Event: 4.642 GC heap after
{Heap after GC invocations=24 (full 0):
 garbage-first heap   total 175104K, used 42649K [0x0000000705e00000, 0x0000000800000000)
  region size 1024K, 6 young (6144K), 6 survivors (6144K)
 Metaspace       used 63051K, capacity 64835K, committed 65052K, reserved 1105920K
  class space    used 8418K, capacity 9126K, committed 9164K, reserved 1048576K
}
Event: 5.027 GC heap before
{Heap before GC invocations=24 (full 0):
 garbage-first heap   total 175104K, used 116377K [0x0000000705e00000, 0x0000000800000000)
  region size 1024K, 78 young (79872K), 6 survivors (6144K)
 Metaspace       used 68545K, capacity 70421K, committed 70684K, reserved 1110016K
  class space    used 9111K, capacity 9841K, committed 9932K, reserved 1048576K
}
Event: 5.031 GC heap after
{Heap after GC invocations=25 (full 0):
 garbage-first heap   total 175104K, used 45335K [0x0000000705e00000, 0x0000000800000000)
  region size 1024K, 8 young (8192K), 8 survivors (8192K)
 Metaspace       used 68545K, capacity 70421K, committed 70684K, reserved 1110016K
  class space    used 9111K, capacity 9841K, committed 9932K, reserved 1048576K
}
Event: 5.463 GC heap before
{Heap before GC invocations=25 (full 0):
 garbage-first heap   total 175104K, used 127255K [0x0000000705e00000, 0x0000000800000000)
  region size 1024K, 88 young (90112K), 8 survivors (8192K)
 Metaspace       used 71129K, capacity 73157K, committed 73372K, reserved 1112064K
  class space    used 9482K, capacity 10297K, committed 10316K, reserved 1048576K
}
Event: 5.469 GC heap after
{Heap after GC invocations=26 (full 0):
 garbage-first heap   total 175104K, used 49627K [0x0000000705e00000, 0x0000000800000000)
  region size 1024K, 10 young (10240K), 10 survivors (10240K)
 Metaspace       used 71129K, capacity 73157K, committed 73372K, reserved 1112064K
  class space    used 9482K, capacity 10297K, committed 10316K, reserved 1048576K
}
Event: 5.835 GC heap before
{Heap before GC invocations=26 (full 0):
 garbage-first heap   total 175104K, used 129499K [0x0000000705e00000, 0x0000000800000000)
  region size 1024K, 88 young (90112K), 10 survivors (10240K)
 Metaspace       used 75782K, capacity 77910K, committed 78236K, reserved 1116160K
  class space    used 10135K, capacity 10978K, committed 11084K, reserved 1048576K
}
Event: 5.840 GC heap after
{Heap after GC invocations=27 (full 0):
 garbage-first heap   total 175104K, used 51890K [0x0000000705e00000, 0x0000000800000000)
  region size 1024K, 7 young (7168K), 7 survivors (7168K)
 Metaspace       used 75782K, capacity 77910K, committed 78236K, reserved 1116160K
  class space    used 10135K, capacity 10978K, committed 11084K, reserved 1048576K
}
Event: 12.786 GC heap before
{Heap before GC invocations=27 (full 0):
 garbage-first heap   total 175104K, used 130738K [0x0000000705e00000, 0x0000000800000000)
  region size 1024K, 85 young (87040K), 7 survivors (7168K)
 Metaspace       used 85621K, capacity 88100K, committed 88348K, reserved 1126400K
  class space    used 11173K, capacity 12116K, committed 12236K, reserved 1048576K
}
Event: 12.793 GC heap after
{Heap after GC invocations=28 (full 0):
 garbage-first heap   total 210944K, used 54487K [0x0000000705e00000, 0x0000000800000000)
  region size 1024K, 5 young (5120K), 5 survivors (5120K)
 Metaspace       used 85621K, capacity 88100K, committed 88348K, reserved 1126400K
  class space    used 11173K, capacity 12116K, committed 12236K, reserved 1048576K
}
Event: 13.116 GC heap before
{Heap before GC invocations=28 (full 0):
 garbage-first heap   total 210944K, used 74967K [0x0000000705e00000, 0x0000000800000000)
  region size 1024K, 26 young (26624K), 5 survivors (5120K)
 Metaspace       used 87290K, capacity 89814K, committed 90140K, reserved 1126400K
  class space    used 11388K, capacity 12369K, committed 12492K, reserved 1048576K
}
Event: 13.121 GC heap after
{Heap after GC invocations=29 (full 0):
 garbage-first heap   total 210944K, used 55466K [0x0000000705e00000, 0x0000000800000000)
  region size 1024K, 6 young (6144K), 6 survivors (6144K)
 Metaspace       used 87290K, capacity 89814K, committed 90140K, reserved 1126400K
  class space    used 11388K, capacity 12369K, committed 12492K, reserved 1048576K
}

