# JRE version: Java(TM) SE Runtime Environment (13.0.2+8) (build 13.0.2+8)
# Java VM: Java HotSpot(TM) 64-Bit Server VM (13.0.2+8, mixed mode, sharing, tiered, compressed oops, g1 gc, linux-amd64)
Heap:
 garbage-first heap   total 1367040K, used 56216K [0x0000000705e00000, 0x0000000800000000)
  region size 1024K, 6 young (6144K), 6 survivors (6144K)
 Metaspace       used 87308K, capacity 89797K, committed 89980K, reserved 1126400K
  class space    used 11388K, capacity 12367K, committed 12492K, reserved 1048576K
GC Heap History (20 events):
Event: 4.294 GC heap before
{Heap before GC invocations=17 (full 0):
 garbage-first heap   total 124928K, used 93559K [0x0000000705e00000, 0x0000000800000000)
  region size 1024K, 68 young (69632K), 6 survivors (6144K)
 Metaspace       used 50195K, capacity 51575K, committed 52092K, reserved 1093632K
  class space    used 6493K, capacity 7041K, committed 7116K, reserved 1048576K
}
Event: 4.297 GC heap after
{Heap after GC invocations=18 (full 0):
 garbage-first heap   total 124928K, used 33046K [0x0000000705e00000, 0x0000000800000000)
  region size 1024K, 6 young (6144K), 6 survivors (6144K)
 Metaspace       used 50195K, capacity 51575K, committed 52092K, reserved 1093632K
  class space    used 6493K, capacity 7041K, committed 7116K, reserved 1048576K
}
Event: 4.404 GC heap before
{Heap before GC invocations=18 (full 0):
 garbage-first heap   total 124928K, used 96534K [0x0000000705e00000, 0x0000000800000000)
  region size 1024K, 69 young (70656K), 6 survivors (6144K)
 Metaspace       used 53766K, capacity 55278K, committed 55548K, reserved 1097728K
  class space    used 7127K, capacity 7719K, committed 7756K, reserved 1048576K
}
Event: 4.409 GC heap after
{Heap after GC invocations=19 (full 0):
 garbage-first heap   total 124928K, used 36860K [0x0000000705e00000, 0x0000000800000000)
  region size 1024K, 9 young (9216K), 9 survivors (9216K)
 Metaspace       used 53766K, capacity 55278K, committed 55548K, reserved 1097728K
  class space    used 7127K, capacity 7719K, committed 7756K, reserved 1048576K
}
Event: 4.528 GC heap before
{Heap before GC invocations=19 (full 0):
 garbage-first heap   total 124928K, used 97276K [0x0000000705e00000, 0x0000000800000000)
  region size 1024K, 69 young (70656K), 9 survivors (9216K)
 Metaspace       used 56565K, capacity 58119K, committed 58492K, reserved 1099776K
  class space    used 7518K, capacity 8135K, committed 8140K, reserved 1048576K
}
Event: 4.533 GC heap after
{Heap after GC invocations=20 (full 0):
 garbage-first heap   total 150528K, used 39396K [0x0000000705e00000, 0x0000000800000000)
  region size 1024K, 7 young (7168K), 7 survivors (7168K)
 Metaspace       used 56565K, capacity 58119K, committed 58492K, reserved 1099776K
  class space    used 7518K, capacity 8135K, committed 8140K, reserved 1048576K
}
Event: 4.610 GC heap before
{Heap before GC invocations=20 (full 0):
 garbage-first heap   total 150528K, used 79332K [0x0000000705e00000, 0x0000000800000000)
  region size 1024K, 47 young (48128K), 7 survivors (7168K)
 Metaspace       used 58507K, capacity 60065K, committed 60284K, reserved 1101824K
  class space    used 7773K, capacity 8380K, committed 8396K, reserved 1048576K
}
Event: 4.613 GC heap after
{Heap after GC invocations=21 (full 0):
 garbage-first heap   total 150528K, used 40587K [0x0000000705e00000, 0x0000000800000000)
  region size 1024K, 4 young (4096K), 4 survivors (4096K)
 Metaspace       used 58507K, capacity 60065K, committed 60284K, reserved 1101824K
  class space    used 7773K, capacity 8380K, committed 8396K, reserved 1048576K
}
Event: 4.897 GC heap before
{Heap before GC invocations=22 (full 0):
 garbage-first heap   total 150528K, used 115339K [0x0000000705e00000, 0x0000000800000000)
  region size 1024K, 77 young (78848K), 4 survivors (4096K)
 Metaspace       used 63802K, capacity 65558K, committed 65788K, reserved 1105920K
  class space    used 8503K, capacity 9200K, committed 9292K, reserved 1048576K
}
Event: 4.902 GC heap after
{Heap after GC invocations=23 (full 0):
 garbage-first heap   total 150528K, used 43984K [0x0000000705e00000, 0x0000000800000000)
  region size 1024K, 7 young (7168K), 7 survivors (7168K)
 Metaspace       used 63802K, capacity 65558K, committed 65788K, reserved 1105920K
  class space    used 8503K, capacity 9200K, committed 9292K, reserved 1048576K
}
Event: 5.219 GC heap before
{Heap before GC invocations=23 (full 0):
 garbage-first heap   total 150528K, used 117712K [0x0000000705e00000, 0x0000000800000000)
  region size 1024K, 79 young (80896K), 7 survivors (7168K)
 Metaspace       used 68723K, capacity 70534K, committed 70780K, reserved 1110016K
  class space    used 9144K, capacity 9882K, committed 9932K, reserved 1048576K
}
Event: 5.222 GC heap after
{Heap after GC invocations=24 (full 0):
 garbage-first heap   total 150528K, used 46991K [0x0000000705e00000, 0x0000000800000000)
  region size 1024K, 8 young (8192K), 8 survivors (8192K)
 Metaspace       used 68723K, capacity 70534K, committed 70780K, reserved 1110016K
  class space    used 9144K, capacity 9882K, committed 9932K, reserved 1048576K
}
Event: 5.558 GC heap before
{Heap before GC invocations=24 (full 0):
 garbage-first heap   total 150528K, used 118671K [0x0000000705e00000, 0x0000000800000000)
  region size 1024K, 78 young (79872K), 8 survivors (8192K)
 Metaspace       used 71012K, capacity 73038K, committed 73212K, reserved 1112064K
  class space    used 9465K, capacity 10261K, committed 10316K, reserved 1048576K
}
Event: 5.564 GC heap after
{Heap after GC invocations=25 (full 0):
 garbage-first heap   total 181248K, used 50376K [0x0000000705e00000, 0x0000000800000000)
  region size 1024K, 7 young (7168K), 7 survivors (7168K)
 Metaspace       used 71012K, capacity 73038K, committed 73212K, reserved 1112064K
  class space    used 9465K, capacity 10261K, committed 10316K, reserved 1048576K
}
Event: 5.869 GC heap before
{Heap before GC invocations=25 (full 0):
 garbage-first heap   total 181248K, used 137416K [0x0000000705e00000, 0x0000000800000000)
  region size 1024K, 92 young (94208K), 7 survivors (7168K)
 Metaspace       used 75922K, capacity 78059K, committed 78332K, reserved 1116160K
  class space    used 10161K, capacity 11010K, committed 11084K, reserved 1048576K
}
Event: 5.875 GC heap after
{Heap after GC invocations=26 (full 0):
 garbage-first heap   total 181248K, used 53272K [0x0000000705e00000, 0x0000000800000000)
  region size 1024K, 7 young (7168K), 7 survivors (7168K)
 Metaspace       used 75922K, capacity 78059K, committed 78332K, reserved 1116160K
  class space    used 10161K, capacity 11010K, committed 11084K, reserved 1048576K
}
Event: 9.517 GC heap before
{Heap before GC invocations=26 (full 0):
 garbage-first heap   total 181248K, used 139288K [0x0000000705e00000, 0x0000000800000000)
  region size 1024K, 92 young (94208K), 7 survivors (7168K)
 Metaspace       used 86585K, capacity 89070K, committed 89340K, reserved 1126400K
  class space    used 11296K, capacity 12272K, committed 12364K, reserved 1048576K
}
Event: 9.521 GC heap after
{Heap after GC invocations=27 (full 0):
 garbage-first heap   total 181248K, used 55897K [0x0000000705e00000, 0x0000000800000000)
  region size 1024K, 10 young (10240K), 10 survivors (10240K)
 Metaspace       used 86585K, capacity 89070K, committed 89340K, reserved 1126400K
  class space    used 11296K, capacity 12272K, committed 12364K, reserved 1048576K
}
Event: 9.602 GC heap before
{Heap before GC invocations=27 (full 0):
 garbage-first heap   total 181248K, used 64089K [0x0000000705e00000, 0x0000000800000000)
  region size 1024K, 19 young (19456K), 10 survivors (10240K)
 Metaspace       used 87307K, capacity 89797K, committed 89980K, reserved 1126400K
  class space    used 11388K, capacity 12367K, committed 12492K, reserved 1048576K
}
Event: 9.608 GC heap after
{Heap after GC invocations=28 (full 0):
 garbage-first heap   total 181248K, used 56216K [0x0000000705e00000, 0x0000000800000000)
  region size 1024K, 6 young (6144K), 6 survivors (6144K)
 Metaspace       used 87307K, capacity 89797K, committed 89980K, reserved 1126400K
  class space    used 11388K, capacity 12367K, committed 12492K, reserved 1048576K
}

