# JRE version: Java(TM) SE Runtime Environment (13.0.2+8) (build 13.0.2+8)
# Java VM: Java HotSpot(TM) 64-Bit Server VM (13.0.2+8, mixed mode, sharing, tiered, compressed oops, g1 gc, linux-amd64)
Heap:
 garbage-first heap   total 1370112K, used 56301K [0x0000000705e00000, 0x0000000800000000)
  region size 1024K, 6 young (6144K), 6 survivors (6144K)
 Metaspace       used 87370K, capacity 89885K, committed 90064K, reserved 1126400K
  class space    used 11392K, capacity 12370K, committed 12416K, reserved 1048576K
GC Heap History (20 events):
Event: 2.524 GC heap before
{Heap before GC invocations=16 (full 0):
 garbage-first heap   total 122880K, used 90953K [0x0000000705e00000, 0x0000000800000000)
  region size 1024K, 65 young (66560K), 4 survivors (4096K)
 Metaspace       used 46416K, capacity 47829K, committed 48048K, reserved 1091584K
  class space    used 6047K, capacity 6578K, committed 6656K, reserved 1048576K
}
Event: 2.528 GC heap after
{Heap after GC invocations=17 (full 0):
 garbage-first heap   total 122880K, used 31561K [0x0000000705e00000, 0x0000000800000000)
  region size 1024K, 7 young (7168K), 7 survivors (7168K)
 Metaspace       used 46416K, capacity 47829K, committed 48048K, reserved 1091584K
  class space    used 6047K, capacity 6578K, committed 6656K, reserved 1048576K
}
Event: 2.646 GC heap before
{Heap before GC invocations=17 (full 0):
 garbage-first heap   total 122880K, used 91977K [0x0000000705e00000, 0x0000000800000000)
  region size 1024K, 67 young (68608K), 7 survivors (7168K)
 Metaspace       used 50613K, capacity 52008K, committed 52400K, reserved 1095680K
  class space    used 6550K, capacity 7073K, committed 7168K, reserved 1048576K
}
Event: 2.651 GC heap after
{Heap after GC invocations=18 (full 0):
 garbage-first heap   total 122880K, used 32896K [0x0000000705e00000, 0x0000000800000000)
  region size 1024K, 5 young (5120K), 5 survivors (5120K)
 Metaspace       used 50613K, capacity 52008K, committed 52400K, reserved 1095680K
  class space    used 6550K, capacity 7073K, committed 7168K, reserved 1048576K
}
Event: 2.742 GC heap before
{Heap before GC invocations=18 (full 0):
 garbage-first heap   total 122880K, used 94336K [0x0000000705e00000, 0x0000000800000000)
  region size 1024K, 65 young (66560K), 5 survivors (5120K)
 Metaspace       used 54177K, capacity 55691K, committed 55856K, reserved 1097728K
  class space    used 7187K, capacity 7787K, committed 7808K, reserved 1048576K
}
Event: 2.745 GC heap after
{Heap after GC invocations=19 (full 0):
 garbage-first heap   total 160768K, used 36694K [0x0000000705e00000, 0x0000000800000000)
  region size 1024K, 8 young (8192K), 8 survivors (8192K)
 Metaspace       used 54177K, capacity 55691K, committed 55856K, reserved 1097728K
  class space    used 7187K, capacity 7787K, committed 7808K, reserved 1048576K
}
Event: 2.885 GC heap before
{Heap before GC invocations=19 (full 0):
 garbage-first heap   total 160768K, used 110422K [0x0000000705e00000, 0x0000000800000000)
  region size 1024K, 80 young (81920K), 8 survivors (8192K)
 Metaspace       used 57317K, capacity 58878K, committed 59184K, reserved 1099776K
  class space    used 7617K, capacity 8233K, committed 8320K, reserved 1048576K
}
Event: 2.890 GC heap after
{Heap after GC invocations=20 (full 0):
 garbage-first heap   total 160768K, used 39145K [0x0000000705e00000, 0x0000000800000000)
  region size 1024K, 8 young (8192K), 8 survivors (8192K)
 Metaspace       used 57317K, capacity 58878K, committed 59184K, reserved 1099776K
  class space    used 7617K, capacity 8233K, committed 8320K, reserved 1048576K
}
Event: 2.937 GC heap before
{Heap before GC invocations=20 (full 0):
 garbage-first heap   total 160768K, used 60649K [0x0000000705e00000, 0x0000000800000000)
  region size 1024K, 30 young (30720K), 8 survivors (8192K)
 Metaspace       used 58489K, capacity 60014K, committed 60240K, reserved 1101824K
  class space    used 7761K, capacity 8378K, committed 8448K, reserved 1048576K
}
Event: 2.941 GC heap after
{Heap after GC invocations=21 (full 0):
 garbage-first heap   total 160768K, used 40052K [0x0000000705e00000, 0x0000000800000000)
  region size 1024K, 4 young (4096K), 4 survivors (4096K)
 Metaspace       used 58489K, capacity 60014K, committed 60240K, reserved 1101824K
  class space    used 7761K, capacity 8378K, committed 8448K, reserved 1048576K
}
Event: 3.402 GC heap before
{Heap before GC invocations=22 (full 0):
 garbage-first heap   total 153600K, used 117876K [0x0000000705e00000, 0x0000000800000000)
  region size 1024K, 80 young (81920K), 4 survivors (4096K)
 Metaspace       used 64159K, capacity 65941K, committed 66256K, reserved 1105920K
  class space    used 8539K, capacity 9258K, committed 9344K, reserved 1048576K
}
Event: 3.405 GC heap after
{Heap after GC invocations=23 (full 0):
 garbage-first heap   total 153600K, used 43692K [0x0000000705e00000, 0x0000000800000000)
  region size 1024K, 7 young (7168K), 7 survivors (7168K)
 Metaspace       used 64159K, capacity 65941K, committed 66256K, reserved 1105920K
  class space    used 8539K, capacity 9258K, committed 9344K, reserved 1048576K
}
Event: 3.754 GC heap before
{Heap before GC invocations=23 (full 0):
 garbage-first heap   total 153600K, used 117420K [0x0000000705e00000, 0x0000000800000000)
  region size 1024K, 79 young (80896K), 7 survivors (7168K)
 Metaspace       used 68826K, capacity 70691K, committed 70992K, reserved 1110016K
  class space    used 9145K, capacity 9884K, committed 9984K, reserved 1048576K
}
Event: 3.758 GC heap after
{Heap after GC invocations=24 (full 0):
 garbage-first heap   total 184320K, used 46248K [0x0000000705e00000, 0x0000000800000000)
  region size 1024K, 8 young (8192K), 8 survivors (8192K)
 Metaspace       used 68826K, capacity 70691K, committed 70992K, reserved 1110016K
  class space    used 9145K, capacity 9884K, committed 9984K, reserved 1048576K
}
Event: 4.219 GC heap before
{Heap before GC invocations=24 (full 0):
 garbage-first heap   total 184320K, used 132264K [0x0000000705e00000, 0x0000000800000000)
  region size 1024K, 92 young (94208K), 8 survivors (8192K)
 Metaspace       used 71807K, capacity 73900K, committed 74064K, reserved 1114112K
  class space    used 9570K, capacity 10434K, committed 10496K, reserved 1048576K
}
Event: 4.225 GC heap after
{Heap after GC invocations=25 (full 0):
 garbage-first heap   total 184320K, used 51207K [0x0000000705e00000, 0x0000000800000000)
  region size 1024K, 8 young (8192K), 8 survivors (8192K)
 Metaspace       used 71807K, capacity 73900K, committed 74064K, reserved 1114112K
  class space    used 9570K, capacity 10434K, committed 10496K, reserved 1048576K
}
Event: 4.682 GC heap before
{Heap before GC invocations=25 (full 0):
 garbage-first heap   total 184320K, used 138247K [0x0000000705e00000, 0x0000000800000000)
  region size 1024K, 94 young (96256K), 8 survivors (8192K)
 Metaspace       used 77997K, capacity 80219K, committed 80592K, reserved 1118208K
  class space    used 10383K, capacity 11276K, committed 11392K, reserved 1048576K
}
Event: 4.690 GC heap after
{Heap after GC invocations=26 (full 0):
 garbage-first heap   total 184320K, used 53504K [0x0000000705e00000, 0x0000000800000000)
  region size 1024K, 7 young (7168K), 7 survivors (7168K)
 Metaspace       used 77997K, capacity 80219K, committed 80592K, reserved 1118208K
  class space    used 10383K, capacity 11276K, committed 11392K, reserved 1048576K
}
Event: 80.106 GC heap before
{Heap before GC invocations=26 (full 0):
 garbage-first heap   total 184320K, used 137472K [0x0000000705e00000, 0x0000000800000000)
  region size 1024K, 90 young (92160K), 7 survivors (7168K)
 Metaspace       used 87370K, capacity 89885K, committed 90064K, reserved 1126400K
  class space    used 11392K, capacity 12370K, committed 12416K, reserved 1048576K
}
Event: 80.112 GC heap after
{Heap after GC invocations=27 (full 0):
 garbage-first heap   total 184320K, used 56301K [0x0000000705e00000, 0x0000000800000000)
  region size 1024K, 6 young (6144K), 6 survivors (6144K)
 Metaspace       used 87370K, capacity 89885K, committed 90064K, reserved 1126400K
  class space    used 11392K, capacity 12370K, committed 12416K, reserved 1048576K
}

