# JRE version: Java(TM) SE Runtime Environment (13.0.2+8) (build 13.0.2+8)
# Java VM: Java HotSpot(TM) 64-Bit Server VM (13.0.2+8, mixed mode, sharing, tiered, compressed oops, g1 gc, linux-amd64)
Heap:
 garbage-first heap   total 1375232K, used 55728K [0x0000000705e00000, 0x0000000800000000)
  region size 1024K, 6 young (6144K), 6 survivors (6144K)
 Metaspace       used 87302K, capacity 89817K, committed 90064K, reserved 1126400K
  class space    used 11389K, capacity 12371K, committed 12416K, reserved 1048576K
GC Heap History (20 events):
Event: 2.629 GC heap before
{Heap before GC invocations=15 (full 0):
 garbage-first heap   total 138240K, used 103767K [0x0000000705e00000, 0x0000000800000000)
  region size 1024K, 78 young (79872K), 5 survivors (5120K)
 Metaspace       used 47465K, capacity 48795K, committed 49200K, reserved 1091584K
  class space    used 6140K, capacity 6646K, committed 6784K, reserved 1048576K
}
Event: 2.633 GC heap after
{Heap after GC invocations=16 (full 0):
 garbage-first heap   total 138240K, used 32159K [0x0000000705e00000, 0x0000000800000000)
  region size 1024K, 8 young (8192K), 8 survivors (8192K)
 Metaspace       used 47465K, capacity 48795K, committed 49200K, reserved 1091584K
  class space    used 6140K, capacity 6646K, committed 6784K, reserved 1048576K
}
Event: 2.747 GC heap before
{Heap before GC invocations=16 (full 0):
 garbage-first heap   total 138240K, used 104863K [0x0000000705e00000, 0x0000000800000000)
  region size 1024K, 80 young (81920K), 8 survivors (8192K)
 Metaspace       used 51674K, capacity 53123K, committed 53552K, reserved 1095680K
  class space    used 6714K, capacity 7275K, committed 7296K, reserved 1048576K
}
Event: 2.751 GC heap after
{Heap after GC invocations=17 (full 0):
 garbage-first heap   total 138240K, used 34085K [0x0000000705e00000, 0x0000000800000000)
  region size 1024K, 6 young (6144K), 6 survivors (6144K)
 Metaspace       used 51674K, capacity 53123K, committed 53552K, reserved 1095680K
  class space    used 6714K, capacity 7275K, committed 7296K, reserved 1048576K
}
Event: 2.882 GC heap before
{Heap before GC invocations=17 (full 0):
 garbage-first heap   total 138240K, used 106789K [0x0000000705e00000, 0x0000000800000000)
  region size 1024K, 78 young (79872K), 6 survivors (6144K)
 Metaspace       used 55417K, capacity 56921K, committed 57136K, reserved 1097728K
  class space    used 7370K, capacity 7966K, committed 8064K, reserved 1048576K
}
Event: 2.886 GC heap after
{Heap after GC invocations=18 (full 0):
 garbage-first heap   total 138240K, used 38821K [0x0000000705e00000, 0x0000000800000000)
  region size 1024K, 10 young (10240K), 10 survivors (10240K)
 Metaspace       used 55417K, capacity 56921K, committed 57136K, reserved 1097728K
  class space    used 7370K, capacity 7966K, committed 8064K, reserved 1048576K
}
Event: 2.994 GC heap before
{Heap before GC invocations=18 (full 0):
 garbage-first heap   total 138240K, used 97189K [0x0000000705e00000, 0x0000000800000000)
  region size 1024K, 68 young (69632K), 10 survivors (10240K)
 Metaspace       used 58370K, capacity 59909K, committed 60240K, reserved 1101824K
  class space    used 7749K, capacity 8345K, committed 8448K, reserved 1048576K
}
Event: 2.999 GC heap after
{Heap after GC invocations=19 (full 0):
 garbage-first heap   total 166912K, used 39845K [0x0000000705e00000, 0x0000000800000000)
  region size 1024K, 6 young (6144K), 6 survivors (6144K)
 Metaspace       used 58370K, capacity 59909K, committed 60240K, reserved 1101824K
  class space    used 7749K, capacity 8345K, committed 8448K, reserved 1048576K
}
Event: 3.345 GC heap before
{Heap before GC invocations=20 (full 0):
 garbage-first heap   total 157696K, used 124837K [0x0000000705e00000, 0x0000000800000000)
  region size 1024K, 89 young (91136K), 6 survivors (6144K)
 Metaspace       used 64333K, capacity 66108K, committed 66256K, reserved 1105920K
  class space    used 8568K, capacity 9295K, committed 9344K, reserved 1048576K
}
Event: 3.350 GC heap after
{Heap after GC invocations=21 (full 0):
 garbage-first heap   total 157696K, used 43855K [0x0000000705e00000, 0x0000000800000000)
  region size 1024K, 10 young (10240K), 10 survivors (10240K)
 Metaspace       used 64333K, capacity 66108K, committed 66256K, reserved 1105920K
  class space    used 8568K, capacity 9295K, committed 9344K, reserved 1048576K
}
Event: 3.668 GC heap before
{Heap before GC invocations=21 (full 0):
 garbage-first heap   total 157696K, used 121679K [0x0000000705e00000, 0x0000000800000000)
  region size 1024K, 86 young (88064K), 10 survivors (10240K)
 Metaspace       used 69158K, capacity 71055K, committed 71248K, reserved 1110016K
  class space    used 9190K, capacity 9921K, committed 9984K, reserved 1048576K
}
Event: 3.672 GC heap after
{Heap after GC invocations=22 (full 0):
 garbage-first heap   total 157696K, used 46584K [0x0000000705e00000, 0x0000000800000000)
  region size 1024K, 9 young (9216K), 9 survivors (9216K)
 Metaspace       used 69158K, capacity 71055K, committed 71248K, reserved 1110016K
  class space    used 9190K, capacity 9921K, committed 9984K, reserved 1048576K
}
Event: 4.051 GC heap before
{Heap before GC invocations=22 (full 0):
 garbage-first heap   total 157696K, used 122360K [0x0000000705e00000, 0x0000000800000000)
  region size 1024K, 83 young (84992K), 9 survivors (9216K)
 Metaspace       used 71738K, capacity 73861K, committed 74064K, reserved 1114112K
  class space    used 9568K, capacity 10402K, committed 10496K, reserved 1048576K
}
Event: 4.057 GC heap after
{Heap after GC invocations=23 (full 0):
 garbage-first heap   total 157696K, used 50942K [0x0000000705e00000, 0x0000000800000000)
  region size 1024K, 8 young (8192K), 8 survivors (8192K)
 Metaspace       used 71738K, capacity 73861K, committed 74064K, reserved 1114112K
  class space    used 9568K, capacity 10402K, committed 10496K, reserved 1048576K
}
Event: 4.304 GC heap before
{Heap before GC invocations=23 (full 0):
 garbage-first heap   total 157696K, used 123646K [0x0000000705e00000, 0x0000000800000000)
  region size 1024K, 79 young (80896K), 8 survivors (8192K)
 Metaspace       used 75944K, capacity 78134K, committed 78544K, reserved 1116160K
  class space    used 10157K, capacity 11010K, committed 11136K, reserved 1048576K
}
Event: 4.314 GC heap after
{Heap after GC invocations=24 (full 0):
 garbage-first heap   total 189440K, used 52776K [0x0000000705e00000, 0x0000000800000000)
  region size 1024K, 7 young (7168K), 7 survivors (7168K)
 Metaspace       used 75944K, capacity 78134K, committed 78544K, reserved 1116160K
  class space    used 10157K, capacity 11010K, committed 11136K, reserved 1048576K
}
Event: 58.089 GC heap before
{Heap before GC invocations=24 (full 0):
 garbage-first heap   total 189440K, used 146984K [0x0000000705e00000, 0x0000000800000000)
  region size 1024K, 99 young (101376K), 7 survivors (7168K)
 Metaspace       used 86717K, capacity 89218K, committed 89552K, reserved 1126400K
  class space    used 11316K, capacity 12276K, committed 12416K, reserved 1048576K
}
Event: 58.095 GC heap after
{Heap after GC invocations=25 (full 0):
 garbage-first heap   total 189440K, used 55396K [0x0000000705e00000, 0x0000000800000000)
  region size 1024K, 9 young (9216K), 9 survivors (9216K)
 Metaspace       used 86717K, capacity 89218K, committed 89552K, reserved 1126400K
  class space    used 11316K, capacity 12276K, committed 12416K, reserved 1048576K
}
Event: 58.174 GC heap before
{Heap before GC invocations=25 (full 0):
 garbage-first heap   total 189440K, used 61540K [0x0000000705e00000, 0x0000000800000000)
  region size 1024K, 16 young (16384K), 9 survivors (9216K)
 Metaspace       used 87302K, capacity 89817K, committed 90064K, reserved 1126400K
  class space    used 11389K, capacity 12371K, committed 12416K, reserved 1048576K
}
Event: 58.179 GC heap after
{Heap after GC invocations=26 (full 0):
 garbage-first heap   total 189440K, used 55728K [0x0000000705e00000, 0x0000000800000000)
  region size 1024K, 6 young (6144K), 6 survivors (6144K)
 Metaspace       used 87302K, capacity 89817K, committed 90064K, reserved 1126400K
  class space    used 11389K, capacity 12371K, committed 12416K, reserved 1048576K
}

