# JRE version: Java(TM) SE Runtime Environment (13.0.2+8) (build 13.0.2+8)
# Java VM: Java HotSpot(TM) 64-Bit Server VM (13.0.2+8, mixed mode, sharing, tiered, compressed oops, g1 gc, linux-amd64)
Heap:
 garbage-first heap   total 1376256K, used 56159K [0x0000000705e00000, 0x0000000800000000)
  region size 1024K, 8 young (8192K), 8 survivors (8192K)
 Metaspace       used 87302K, capacity 89841K, committed 90064K, reserved 1126400K
  class space    used 11391K, capacity 12377K, committed 12416K, reserved 1048576K
GC Heap History (20 events):
Event: 5.687 GC heap before
{Heap before GC invocations=20 (full 0):
 garbage-first heap   total 132096K, used 87870K [0x0000000705e00000, 0x0000000800000000)
  region size 1024K, 60 young (61440K), 5 survivors (5120K)
 Metaspace       used 52161K, capacity 53602K, committed 53936K, reserved 1095680K
  class space    used 6786K, capacity 7349K, committed 7424K, reserved 1048576K
}
Event: 5.695 GC heap after
{Heap after GC invocations=21 (full 0):
 garbage-first heap   total 132096K, used 36730K [0x0000000705e00000, 0x0000000800000000)
  region size 1024K, 8 young (8192K), 8 survivors (8192K)
 Metaspace       used 52161K, capacity 53602K, committed 53936K, reserved 1095680K
  class space    used 6786K, capacity 7349K, committed 7424K, reserved 1048576K
}
Event: 5.832 GC heap before
{Heap before GC invocations=21 (full 0):
 garbage-first heap   total 132096K, used 93050K [0x0000000705e00000, 0x0000000800000000)
  region size 1024K, 63 young (64512K), 8 survivors (8192K)
 Metaspace       used 54949K, capacity 56481K, committed 56752K, reserved 1097728K
  class space    used 7315K, capacity 7905K, committed 7936K, reserved 1048576K
}
Event: 5.835 GC heap after
{Heap after GC invocations=22 (full 0):
 garbage-first heap   total 132096K, used 38255K [0x0000000705e00000, 0x0000000800000000)
  region size 1024K, 6 young (6144K), 6 survivors (6144K)
 Metaspace       used 54949K, capacity 56481K, committed 56752K, reserved 1097728K
  class space    used 7315K, capacity 7905K, committed 7936K, reserved 1048576K
}
Event: 5.964 GC heap before
{Heap before GC invocations=22 (full 0):
 garbage-first heap   total 132096K, used 94575K [0x0000000705e00000, 0x0000000800000000)
  region size 1024K, 62 young (63488K), 6 survivors (6144K)
 Metaspace       used 57706K, capacity 59253K, committed 59440K, reserved 1099776K
  class space    used 7676K, capacity 8275K, committed 8320K, reserved 1048576K
}
Event: 5.967 GC heap after
{Heap after GC invocations=23 (full 0):
 garbage-first heap   total 132096K, used 39426K [0x0000000705e00000, 0x0000000800000000)
  region size 1024K, 3 young (3072K), 3 survivors (3072K)
 Metaspace       used 57706K, capacity 59253K, committed 59440K, reserved 1099776K
  class space    used 7676K, capacity 8275K, committed 8320K, reserved 1048576K
}
Event: 6.001 GC heap before
{Heap before GC invocations=23 (full 0):
 garbage-first heap   total 132096K, used 55810K [0x0000000705e00000, 0x0000000800000000)
  region size 1024K, 20 young (20480K), 3 survivors (3072K)
 Metaspace       used 58452K, capacity 60011K, committed 60240K, reserved 1101824K
  class space    used 7759K, capacity 8380K, committed 8448K, reserved 1048576K
}
Event: 6.004 GC heap after
{Heap after GC invocations=24 (full 0):
 garbage-first heap   total 158720K, used 40000K [0x0000000705e00000, 0x0000000800000000)
  region size 1024K, 4 young (4096K), 4 survivors (4096K)
 Metaspace       used 58452K, capacity 60011K, committed 60240K, reserved 1101824K
  class space    used 7759K, capacity 8380K, committed 8448K, reserved 1048576K
}
Event: 6.504 GC heap before
{Heap before GC invocations=25 (full 0):
 garbage-first heap   total 158720K, used 98368K [0x0000000705e00000, 0x0000000800000000)
  region size 1024K, 61 young (62464K), 4 survivors (4096K)
 Metaspace       used 62472K, capacity 64235K, committed 64464K, reserved 1105920K
  class space    used 8342K, capacity 9054K, committed 9088K, reserved 1048576K
}
Event: 6.510 GC heap after
{Heap after GC invocations=26 (full 0):
 garbage-first heap   total 158720K, used 42798K [0x0000000705e00000, 0x0000000800000000)
  region size 1024K, 7 young (7168K), 7 survivors (7168K)
 Metaspace       used 62472K, capacity 64235K, committed 64464K, reserved 1105920K
  class space    used 8342K, capacity 9054K, committed 9088K, reserved 1048576K
}
Event: 6.824 GC heap before
{Heap before GC invocations=27 (full 0):
 garbage-first heap   total 158720K, used 103214K [0x0000000705e00000, 0x0000000800000000)
  region size 1024K, 66 young (67584K), 7 survivors (7168K)
 Metaspace       used 66828K, capacity 68649K, committed 68944K, reserved 1107968K
  class space    used 8868K, capacity 9613K, committed 9728K, reserved 1048576K
}
Event: 6.829 GC heap after
{Heap after GC invocations=28 (full 0):
 garbage-first heap   total 158720K, used 44805K [0x0000000705e00000, 0x0000000800000000)
  region size 1024K, 6 young (6144K), 6 survivors (6144K)
 Metaspace       used 66828K, capacity 68649K, committed 68944K, reserved 1107968K
  class space    used 8868K, capacity 9613K, committed 9728K, reserved 1048576K
}
Event: 7.149 GC heap before
{Heap before GC invocations=28 (full 0):
 garbage-first heap   total 158720K, used 108293K [0x0000000705e00000, 0x0000000800000000)
  region size 1024K, 68 young (69632K), 6 survivors (6144K)
 Metaspace       used 70164K, capacity 72119K, committed 72400K, reserved 1112064K
  class space    used 9305K, capacity 10061K, committed 10112K, reserved 1048576K
}
Event: 7.153 GC heap after
{Heap after GC invocations=29 (full 0):
 garbage-first heap   total 158720K, used 48138K [0x0000000705e00000, 0x0000000800000000)
  region size 1024K, 6 young (6144K), 6 survivors (6144K)
 Metaspace       used 70164K, capacity 72119K, committed 72400K, reserved 1112064K
  class space    used 9305K, capacity 10061K, committed 10112K, reserved 1048576K
}
Event: 7.468 GC heap before
{Heap before GC invocations=29 (full 0):
 garbage-first heap   total 158720K, used 111626K [0x0000000705e00000, 0x0000000800000000)
  region size 1024K, 68 young (69632K), 6 survivors (6144K)
 Metaspace       used 72477K, capacity 74571K, committed 74960K, reserved 1114112K
  class space    used 9672K, capacity 10510K, committed 10624K, reserved 1048576K
}
Event: 7.472 GC heap after
{Heap after GC invocations=30 (full 0):
 garbage-first heap   total 190464K, used 51407K [0x0000000705e00000, 0x0000000800000000)
  region size 1024K, 7 young (7168K), 7 survivors (7168K)
 Metaspace       used 72477K, capacity 74571K, committed 74960K, reserved 1114112K
  class space    used 9672K, capacity 10510K, committed 10624K, reserved 1048576K
}
Event: 8.001 GC heap before
{Heap before GC invocations=30 (full 0):
 garbage-first heap   total 190464K, used 133327K [0x0000000705e00000, 0x0000000800000000)
  region size 1024K, 87 young (89088K), 7 survivors (7168K)
 Metaspace       used 78540K, capacity 80716K, committed 80848K, reserved 1118208K
  class space    used 10445K, capacity 11317K, committed 11392K, reserved 1048576K
}
Event: 8.010 GC heap after
{Heap after GC invocations=31 (full 0):
 garbage-first heap   total 190464K, used 53308K [0x0000000705e00000, 0x0000000800000000)
  region size 1024K, 6 young (6144K), 6 survivors (6144K)
 Metaspace       used 78540K, capacity 80716K, committed 80848K, reserved 1118208K
  class space    used 10445K, capacity 11317K, committed 11392K, reserved 1048576K
}
Event: 95.088 GC heap before
{Heap before GC invocations=31 (full 0):
 garbage-first heap   total 190464K, used 132156K [0x0000000705e00000, 0x0000000800000000)
  region size 1024K, 84 young (86016K), 6 survivors (6144K)
 Metaspace       used 87302K, capacity 89841K, committed 90064K, reserved 1126400K
  class space    used 11391K, capacity 12377K, committed 12416K, reserved 1048576K
}
Event: 95.184 GC heap after
{Heap after GC invocations=32 (full 0):
 garbage-first heap   total 190464K, used 56159K [0x0000000705e00000, 0x0000000800000000)
  region size 1024K, 8 young (8192K), 8 survivors (8192K)
 Metaspace       used 87302K, capacity 89841K, committed 90064K, reserved 1126400K
  class space    used 11391K, capacity 12377K, committed 12416K, reserved 1048576K
}

